<?xml version="1.0" encoding="UTF-8"?>
<testsuite name="org.roylance.yaorm.services.EntityAccessServiceTest" tests="1" skipped="0" failures="0" errors="0" timestamp="2015-10-01T00:47:21" hostname="L387-MRoylance" time="0.12">
  <properties/>
  <testcase name="simpleCreateTest" classname="org.roylance.yaorm.services.EntityAccessServiceTest" time="0.12"/>
  <system-out><![CDATA[]]></system-out>
  <system-err><![CDATA[]]></system-err>
</testsuite>
