<?xml version="1.0" encoding="UTF-8"?>
<testsuite name="org.roylance.yaorm.utilities.SqlUtilitiesTest" tests="7" skipped="0" failures="0" errors="0" timestamp="2015-10-01T00:47:21" hostname="L387-MRoylance" time="0.004">
  <properties/>
  <testcase name="bulkInsertTest" classname="org.roylance.yaorm.utilities.SqlUtilitiesTest" time="0.001"/>
  <testcase name="whereTest" classname="org.roylance.yaorm.utilities.SqlUtilitiesTest" time="0.001"/>
  <testcase name="updateTest" classname="org.roylance.yaorm.utilities.SqlUtilitiesTest" time="0.0"/>
  <testcase name="selectAllTest" classname="org.roylance.yaorm.utilities.SqlUtilitiesTest" time="0.0"/>
  <testcase name="createTableTest" classname="org.roylance.yaorm.utilities.SqlUtilitiesTest" time="0.0"/>
  <testcase name="insertTest" classname="org.roylance.yaorm.utilities.SqlUtilitiesTest" time="0.001"/>
  <testcase name="deleteTest" classname="org.roylance.yaorm.utilities.SqlUtilitiesTest" time="0.0"/>
  <system-out><![CDATA[]]></system-out>
  <system-err><![CDATA[]]></system-err>
</testsuite>
